<?xml version="1.0" encoding="UTF-8"?>
<!-- Generated by org.testng.reporters.JUnitReportReporter -->
<testsuite hostname="DESKTOP-ECF2EJG" failures="0" tests="1" name="com.demoqa.tests.SearchBookTests" time="6.420" errors="0" timestamp="2025-07-16T14:15:54 CEST" skipped="0">
  <testcase classname="com.demoqa.tests.SearchBookTests" name="searchBookPositiveTest" time="6.420"/>
</testsuite> <!-- com.demoqa.tests.SearchBookTests -->
